<?xml version="1.0" encoding="UTF-8"?>
<testsuite xmlns:xsi="http://www.w3.org/2001/XMLSchema-instance" xsi:noNamespaceSchemaLocation="https://maven.apache.org/surefire/maven-surefire-plugin/xsd/surefire-test-report.xsd" name="com.seckill.dis.mq.receiver.MqConsumerTest" time="0.67" tests="5" errors="0" skipped="0" failures="0">
  <properties>
[...]
</properties>
  <testcase name="testSeckillReturnsNull_marksProcessed" classname="com.seckill.dis.mq.receiver.MqConsumerTest" time="0.61"/>
  <testcase name="testDuplicateConsumption_idempotency" classname="com.seckill.dis.mq.receiver.MqConsumerTest" time="0.002"/>
  <testcase name="testStockDepleted_marksProcessed" classname="com.seckill.dis.mq.receiver.MqConsumerTest" time="0.001"/>
  <testcase name="testLockFail_throwsException" classname="com.seckill.dis.mq.receiver.MqConsumerTest" time="0.002"/>
  <testcase name="testConcurrentDuplicate_onlyOneProcesses" classname="com.seckill.dis.mq.receiver.MqConsumerTest" time="0.006"/>
</testsuite>